time="2026-03-30T16:01:36+05:30" level=warning msg="/Users/A-203315/booking-application/docker-compose.yml: the attribute `version` is obsolete, it will be ignored, please remove it to avoid potential confusion"
#1 [internal] load local bake definitions
#1 reading from stdin 3.67kB done
#1 DONE 0.0s

#2 [user-service internal] load build definition from Dockerfile
#2 transferring dockerfile: 661B done
#2 DONE 0.0s

#3 [graphql-orchestrator internal] load build definition from Dockerfile
#3 transferring dockerfile: 972B done
#3 DONE 0.0s

#4 [booking-ui internal] load build definition from Dockerfile
#4 transferring dockerfile: 548B 0.0s done
#4 WARN: FromAsCasing: 'as' and 'FROM' keywords' casing do not match (line 2)
#4 DONE 0.0s

#5 [trip-service internal] load build definition from Dockerfile
#5 transferring dockerfile: 550B done
#5 DONE 0.0s

#6 [eureka-server internal] load build definition from Dockerfile
#6 transferring dockerfile: 332B done
#6 DONE 0.0s

#7 [booking-service internal] load build definition from Dockerfile
#7 transferring dockerfile: 562B done
#7 DONE 0.0s

#8 [notification-service internal] load build definition from Dockerfile
#8 transferring dockerfile: 582B 0.0s done
#8 DONE 0.0s

#9 [notification-service internal] load metadata for docker.io/library/eclipse-temurin:17-jre
#9 ...

#10 [graphql-orchestrator internal] load metadata for docker.io/library/eclipse-temurin:17-jre-alpine
#10 ERROR: no match for platform in manifest: not found

#11 [graphql-orchestrator internal] load metadata for docker.io/library/maven:3.9.5-eclipse-temurin-17-alpine
#11 CANCELED

#9 [booking-service internal] load metadata for docker.io/library/eclipse-temurin:17-jre
#9 CANCELED

#12 [booking-service internal] load metadata for docker.io/library/maven:3.9-eclipse-temurin-17
#12 CANCELED

#13 [booking-ui internal] load metadata for docker.io/library/node:18-alpine
#13 CANCELED

#14 [booking-ui internal] load metadata for docker.io/library/nginx:alpine
#14 CANCELED
------
 > [graphql-orchestrator internal] load metadata for docker.io/library/eclipse-temurin:17-jre-alpine:
------
Dockerfile:18

--------------------

  16 |     

  17 |     # Runtime stage

  18 | >>> FROM eclipse-temurin:17-jre-alpine

  19 |     

  20 |     WORKDIR /app

--------------------

target graphql-orchestrator: failed to solve: eclipse-temurin:17-jre-alpine: failed to resolve source metadata for docker.io/library/eclipse-temurin:17-jre-alpine: no match for platform in manifest: not found

